<?xml version="1.0" encoding="UTF-8"?>
<!-- Generated by org.testng.reporters.JUnitReportReporter -->
<testsuite skipped="0" hostname="LAPTOP-SMH156D6" name="Assignment" tests="1" failures="0" timestamp="2019-12-20T14:20:22 EST" time="32.265" errors="0">
  <testcase name="Validlogin" time="32.265" classname="Assignment"/>
</testsuite> <!-- Assignment -->
