<?xml version="1.0" encoding="UTF-8"?>
<!-- Generated by org.testng.reporters.JUnitReportReporter -->
<testsuite skipped="0" hostname="LAPTOP-SMH156D6" name="Com.TestNG.GoogleTest" tests="1" failures="0" timestamp="2019-12-11T14:04:32 EST" time="38.282" errors="0">
  <testcase name="googleTitleTest" time="38.282" classname="Com.TestNG.GoogleTest"/>
</testsuite> <!-- Com.TestNG.GoogleTest -->
